[09:44:01] [ServerMain/INFO]: [bootstrap] Running Java 21 (OpenJDK 64-Bit Server VM 21.0.7+6-LTS; Microsoft Microsoft-11369942) on Linux 6.8.0-1027-azure (amd64)
[09:44:01] [ServerMain/INFO]: [bootstrap] Loading Paper 1.21.4-232-ver/1.21.4@12d8fe0 (2025-06-09T10:15:42Z) for Minecraft 1.21.4
[09:44:01] [ServerMain/INFO]: [PluginInitializerManager] Initializing plugins...
[09:44:04] [ServerMain/INFO]: [PluginInitializerManager] Initialized 6 plugins
[09:44:04] [ServerMain/INFO]: [PluginInitializerManager] Paper plugins (1):
 - HuskHomes (4.9.6)
[09:44:04] [ServerMain/INFO]: [PluginInitializerManager] Bukkit plugins (5):
 - Geyser-Spigot (2.7.2-SNAPSHOT), GravesX (4.9.7.3), TabTPS (1.3.27), ViaVersion (5.3.2), floodgate (2.2.4-SNAPSHOT (b116-0e3163c))
[09:44:10] [ServerMain/INFO]: Environment: Environment[sessionHost=https://sessionserver.mojang.com, servicesHost=https://api.minecraftservices.com, name=PROD]
[09:44:13] [ServerMain/INFO]: Loaded 1370 recipes
[09:44:13] [ServerMain/INFO]: Loaded 1481 advancements
[09:44:14] [ServerMain/INFO]: [MCTypeRegistry] Initialising converters for DataConverter...
[09:44:14] [ServerMain/INFO]: [MCTypeRegistry] Finished initialising converters for DataConverter in 303.4ms
[09:44:14] [Server thread/INFO]: Starting minecraft server version 1.21.4
[09:44:14] [Server thread/INFO]: Loading properties
[09:44:14] [Server thread/INFO]: This server is running Paper version 1.21.4-232-ver/1.21.4@12d8fe0 (2025-06-09T10:15:42Z) (Implementing API version 1.21.4-R0.1-SNAPSHOT)
[09:44:14] [Server thread/INFO]: [spark] This server bundles the spark profiler. For more information please visit https://docs.papermc.io/paper/profiling
[09:44:14] [Server thread/INFO]: Server Ping Player Sample Count: 12
[09:44:14] [Server thread/INFO]: Using 4 threads for Netty based IO
[09:44:15] [Server thread/INFO]: [MoonriseCommon] Paper is using 1 worker threads, 1 I/O threads
[09:44:15] [Server thread/INFO]: [ChunkTaskScheduler] Chunk system is using population gen parallelism: true
[09:44:16] [Server thread/INFO]: Default game type: SURVIVAL
[09:44:16] [Server thread/INFO]: Generating keypair
[09:44:16] [Server thread/INFO]: Starting Minecraft server on *:25565
[09:44:16] [Server thread/INFO]: Using epoll channel type
[09:44:16] [Server thread/INFO]: Paper: Using libdeflate (Linux x86_64) compression from Velocity.
[09:44:16] [Server thread/INFO]: Paper: Using OpenSSL 3.x.x (Linux x86_64) cipher from Velocity.
[09:44:17] [Server thread/INFO]: [floodgate] Loading server plugin floodgate v2.2.4-SNAPSHOT (b116-0e3163c)
[09:44:18] [Server thread/WARN]: [floodgate] en_ is not a supported Floodgate language.
[09:44:18] [Server thread/INFO]: [floodgate] Took 908ms to boot Floodgate
[09:44:18] [Server thread/INFO]: [ViaVersion] Loading server plugin ViaVersion v5.3.2
[09:44:18] [Server thread/INFO]: [ViaVersion] ViaVersion 5.3.2 is now loaded. Registering protocol transformers and injecting...
[09:44:19] [Via-Mappingloader-0/INFO]: [ViaVersion] Loading block connection mappings ...
[09:44:19] [Via-Mappingloader-0/INFO]: [ViaVersion] Using FastUtil Long2ObjectOpenHashMap for block connections
[09:44:19] [Server thread/INFO]: [Geyser-Spigot] Loading server plugin Geyser-Spigot v2.7.2-SNAPSHOT
[09:44:20] [Server thread/INFO]: [Geyser-Spigot] Loading extensions...
[09:44:20] [Server thread/INFO]: [Geyser-Spigot] Loaded 0 extension(s)
[09:44:20] [Server thread/INFO]: [HuskHomes] Loading server plugin HuskHomes v4.9.6
[09:44:21] [Server thread/INFO]: [HuskHomes] Registered 'on_load' hooks
[09:44:21] [Server thread/INFO]: [HuskHomes] Successfully loaded HuskHomes v4.9.6
[09:44:21] [Server thread/INFO]: [GravesX] Loading server plugin GravesX v4.9.7.3
[09:44:21] [Server thread/INFO]: [TabTPS] Loading server plugin TabTPS v1.3.27
[09:44:21] [Server thread/INFO]: Server permissions file permissions.yml is empty, ignoring it
[09:44:21] [Server thread/WARN]: **** SERVER IS RUNNING IN OFFLINE/INSECURE MODE!
[09:44:21] [Server thread/WARN]: The server will make no attempt to authenticate usernames. Beware.
[09:44:21] [Server thread/WARN]: While this makes the game possible to play without internet access, it also opens up the ability for hackers to connect with any username they choose.
[09:44:21] [Server thread/WARN]: To change this, set "online-mode" to "true" in the server.properties file.
[09:44:21] [Server thread/INFO]: Preparing level "world"
[09:44:22] [Server thread/INFO]: Preparing start region for dimension minecraft:overworld
[09:44:22] [Server thread/INFO]: Preparing spawn area: 0%
[09:44:22] [Server thread/INFO]: Preparing spawn area: 2%
[09:44:23] [Server thread/INFO]: Preparing spawn area: 2%
[09:44:23] [Server thread/INFO]: Preparing spawn area: 2%
[09:44:23] [Server thread/INFO]: Time elapsed: 1735 ms
[09:44:23] [Server thread/INFO]: Preparing start region for dimension minecraft:the_nether
[09:44:24] [Server thread/INFO]: Preparing spawn area: 0%
[09:44:24] [Server thread/INFO]: Time elapsed: 479 ms
[09:44:24] [Server thread/INFO]: Preparing start region for dimension minecraft:the_end
[09:44:24] [Server thread/INFO]: Preparing spawn area: 0%
[09:44:24] [Server thread/INFO]: Time elapsed: 229 ms
[09:44:24] [Server thread/INFO]: [floodgate] Enabling floodgate v2.2.4-SNAPSHOT (b116-0e3163c)
[09:44:25] [Server thread/INFO]: [ViaVersion] Enabling ViaVersion v5.3.2
[09:44:25] [Server thread/INFO]: [ViaVersion] ViaVersion detected server version: 1.21.4 (769)
[09:44:25] [Server thread/INFO]: [Geyser-Spigot] Enabling Geyser-Spigot v2.7.2-SNAPSHOT
[09:44:25] [Server thread/INFO]: [HuskHomes] Enabling HuskHomes v4.9.6
[09:44:26] [Server thread/INFO]: [HuskHomes] Registered 'on_enable' hooks
[09:44:26] [Server thread/INFO]: [HuskHomes] Successfully enabled HuskHomes v4.9.6
[09:44:26] [Server thread/INFO]: [GravesX] Enabling GravesX v4.9.7.3
[09:44:26] [Server thread/INFO]: [GravesX] Loading Libraries for GravesX
[09:44:26] [Server thread/INFO]: [GravesX] Loading library com.zaxxer.HikariCP version 6.0.0.
[09:44:26] [Server thread/INFO]: [GravesX] Loading library com.zaxxer:HikariCP:6.0.0
[09:44:27] [Server thread/INFO]: [GravesX] Loading library org.slf4j:slf4j-api:1.7.36
[09:44:27] [Server thread/INFO]: [GravesX] Loading library org.javassist:javassist:3.29.2-GA
[09:44:27] [Server thread/INFO]: [GravesX] Loading library io.micrometer:micrometer-core:1.5.10
[09:44:27] [Server thread/INFO]: [GravesX] Loading library org.hdrhistogram:HdrHistogram:2.1.12
[09:44:27] [Server thread/INFO]: [GravesX] Loading library org.latencyutils:LatencyUtils:2.0.3
[09:44:27] [Server thread/INFO]: [GravesX] Loaded library com.zaxxer.HikariCP version 6.0.0 and shaded successfully.
[09:44:27] [Server thread/INFO]: [GravesX] Loading library org.xerial.sqlite-jdbc version 3.47.0.0.
[09:44:27] [Server thread/INFO]: [GravesX] Loading library org.xerial:sqlite-jdbc:3.47.0.0
[09:44:27] [Server thread/INFO]: [GravesX] Loading library org.slf4j:slf4j-api:1.7.36
[09:44:27] [Server thread/INFO]: [GravesX] Loaded library org.xerial.sqlite-jdbc version 3.47.0.0 successfully.
[09:44:27] [Server thread/INFO]: [GravesX] Loading library org.json.json version 20240303.
[09:44:27] [Server thread/INFO]: [GravesX] Loading library org.json:json:20240303
[09:44:27] [Server thread/INFO]: [GravesX] Loaded library org.json.json version 20240303 successfully.
[09:44:27] [Server thread/INFO]: [GravesX] Loading library com.github.oshi.oshi-core version 6.6.5.
[09:44:27] [Server thread/INFO]: [GravesX] Loading library com.github.oshi:oshi-core:6.6.5
[09:44:27] [Server thread/INFO]: [GravesX] Loading library net.java.dev.jna:jna:5.15.0
[09:44:27] [Server thread/INFO]: [GravesX] Loading library net.java.dev.jna:jna-platform:5.15.0
[09:44:27] [Server thread/INFO]: [GravesX] Loading library org.slf4j:slf4j-api:2.0.16
[09:44:27] [Server thread/INFO]: [GravesX] Loaded library com.github.oshi.oshi-core version 6.6.5 successfully.
[09:44:28] [Server thread/INFO]: [GravesX] Loading library com.h2database.h2 version 2.3.232.
[09:44:28] [Server thread/INFO]: [GravesX] Loading library com.h2database:h2:2.3.232
[09:44:28] [Server thread/INFO]: [GravesX] Loaded library com.h2database.h2 version 2.3.232 and shaded successfully.
[09:44:28] [Server thread/INFO]: [GravesX] Loading library net.kyori.adventure-api version 4.17.0.
[09:44:28] [Server thread/INFO]: [GravesX] Loading library net.kyori:adventure-api:4.17.0
[09:44:28] [Server thread/INFO]: [GravesX] Loading library net.kyori:adventure-key:4.17.0
[09:44:28] [Server thread/INFO]: [GravesX] Loading library net.kyori:examination-api:1.3.0
[09:44:28] [Server thread/INFO]: [GravesX] Loading library net.kyori:examination-string:1.3.0
[09:44:28] [Server thread/INFO]: [GravesX] Loading library org.jetbrains:annotations:24.1.0
[09:44:28] [Server thread/INFO]: [GravesX] Loaded library net.kyori.adventure-api version 4.17.0 and shaded successfully.
[09:44:28] [Server thread/INFO]: [GravesX] Loading library net.kyori.adventure-text-minimessage version 4.17.0.
[09:44:28] [Server thread/INFO]: [GravesX] Loading library net.kyori:adventure-text-minimessage:4.17.0
[09:44:29] [Server thread/INFO]: [GravesX] Loading library net.kyori:adventure-api:4.17.0
[09:44:29] [Server thread/INFO]: [GravesX] Loading library net.kyori:adventure-key:4.17.0
[09:44:29] [Server thread/INFO]: [GravesX] Loading library net.kyori:examination-api:1.3.0
[09:44:29] [Server thread/INFO]: [GravesX] Loading library net.kyori:examination-string:1.3.0
[09:44:29] [Server thread/INFO]: [GravesX] Loading library org.jetbrains:annotations:24.1.0
[09:44:29] [Server thread/INFO]: [GravesX] Loaded library net.kyori.adventure-text-minimessage version 4.17.0 and shaded successfully.
[09:44:29] [Server thread/INFO]: [GravesX] Loading library net.kyori.adventure-text-serializer-gson version 4.17.0.
[09:44:29] [Server thread/INFO]: [GravesX] Loading library net.kyori:adventure-text-serializer-gson:4.17.0
[09:44:29] [Server thread/INFO]: [GravesX] Loading library net.kyori:adventure-text-serializer-json:4.17.0
[09:44:29] [Server thread/INFO]: [GravesX] Loading library net.kyori:adventure-api:4.17.0
[09:44:29] [Server thread/INFO]: [GravesX] Loading library net.kyori:adventure-key:4.17.0
[09:44:29] [Server thread/INFO]: [GravesX] Loading library net.kyori:examination-api:1.3.0
[09:44:29] [Server thread/INFO]: [GravesX] Loading library net.kyori:examination-string:1.3.0
[09:44:29] [Server thread/INFO]: [GravesX] Loading library org.jetbrains:annotations:24.1.0
[09:44:29] [Server thread/INFO]: [GravesX] Loading library net.kyori:option:1.0.0
[09:44:29] [Server thread/INFO]: [GravesX] Loading library com.google.code.gson:gson:2.8.0
[09:44:29] [Server thread/INFO]: [GravesX] Loading library com.google.auto.service:auto-service-annotations:1.1.1
[09:44:29] [Server thread/INFO]: [GravesX] Loaded library net.kyori.adventure-text-serializer-gson version 4.17.0 and shaded successfully.
[09:44:29] [Server thread/INFO]: [GravesX] Loading library net.kyori.adventure-platform-bukkit version 4.3.3.
[09:44:29] [Server thread/INFO]: [GravesX] Loading library net.kyori:adventure-platform-bukkit:4.3.3
[09:44:30] [Server thread/INFO]: [GravesX] Loading library net.kyori:adventure-platform-api:4.3.3
[09:44:30] [Server thread/INFO]: [GravesX] Loading library net.kyori:adventure-api:4.13.1
[09:44:30] [Server thread/INFO]: [GravesX] Loading library net.kyori:adventure-key:4.13.1
[09:44:30] [Server thread/INFO]: [GravesX] Loading library net.kyori:adventure-text-serializer-bungeecord:4.3.3
[09:44:30] [Server thread/INFO]: [GravesX] Loading library net.kyori:adventure-text-serializer-legacy:4.13.1
[09:44:30] [Server thread/INFO]: [GravesX] Loading library net.kyori:adventure-nbt:4.13.1
[09:44:30] [Server thread/INFO]: [GravesX] Loading library net.kyori:examination-api:1.3.0
[09:44:30] [Server thread/INFO]: [GravesX] Loading library net.kyori:examination-string:1.3.0
[09:44:30] [Server thread/INFO]: [GravesX] Loading library org.jetbrains:annotations:24.0.1
[09:44:30] [Server thread/INFO]: [GravesX] Loading library net.kyori:adventure-text-serializer-gson:4.13.1
[09:44:30] [Server thread/INFO]: [GravesX] Loading library net.kyori:adventure-text-serializer-gson-legacy-impl:4.13.1
[09:44:30] [Server thread/INFO]: [GravesX] Loading library net.kyori:adventure-platform-facet:4.3.3
[09:44:30] [Server thread/INFO]: [GravesX] Loading library net.kyori:adventure-platform-viaversion:4.3.3
[09:44:30] [Server thread/INFO]: [GravesX] Loaded library net.kyori.adventure-platform-bukkit version 4.3.3 and shaded successfully.
[09:44:30] [Server thread/INFO]: [GravesX] Loading library com.github.puregero.multilib version 1.2.4.
[09:44:30] [Server thread/INFO]: [GravesX] Loading library com.github.puregero:multilib:1.2.4
[09:44:30] [pool-14-thread-1/WARN]: [floodgate] 
**********************************
* The prefix you entered in your Floodgate config ([Bedrock]) is long! (9 characters)
* A prefix is there to prevent username conflicts. However, a long prefix makes the chance of username conflicts higher.
* We strongly recommend using . as the prefix, but other alternatives that will not conflict include: +, - and *
**********************************
[09:44:30] [Server thread/INFO]: [GravesX] Loading library org.jetbrains:annotations:22.0.0
[09:44:30] [Server thread/INFO]: [GravesX] Loading library com.github.puregero:multilib-common:1.2.4
[09:44:30] [Server thread/INFO]: [GravesX] Loading library com.github.puregero:multilib-bukkit:1.2.4
[09:44:30] [Server thread/INFO]: [GravesX] Loading library com.github.puregero:multilib-multipaper:1.2.4
[09:44:30] [Server thread/INFO]: [GravesX] Loading library com.github.puregero:regionized-common:1.2.4
[09:44:30] [Server thread/INFO]: [GravesX] Loading library com.github.puregero:regionized-bukkit:1.2.4
[09:44:30] [Server thread/INFO]: [GravesX] Loading library com.github.puregero:regionized-paper:1.2.4
[09:44:30] [Server thread/INFO]: [GravesX] Loaded library com.github.puregero.multilib version 1.2.4 and shaded successfully.
[09:44:30] [Server thread/INFO]: [GravesX] Loading library org.apache.commons.commons-text version 1.12.0.
[09:44:30] [Server thread/INFO]: [GravesX] Loading library org.apache.commons:commons-text:1.12.0
[09:44:30] [Server thread/INFO]: [GravesX] Loading library org.apache.commons:commons-lang3:3.14.0
[09:44:30] [Server thread/INFO]: [GravesX] Loaded library org.apache.commons.commons-text version 1.12.0 and shaded successfully.
[09:44:30] [Server thread/INFO]: [GravesX] Finished Loading Libraries for GravesX.
[09:44:31] [Server thread/INFO]: [GravesX] Integration: Hooked into MiniMessage.
[09:44:31] [Server thread/INFO]: [GravesX] Integration: Hooked into Minedown Adventure.
[09:44:31] [Server thread/INFO]: [GravesX] Integration: Hooked into Geyser-Spigot 2.7.2-SNAPSHOT.
[09:44:31] [Server thread/INFO]: [GravesX] Integration: Hooked into floodgate 2.2.4-SNAPSHOT (b116-0e3163c).
[09:44:31] [Server thread/INFO]: [com.ranull.graves.libraries.hikari.HikariDataSource] Graves H2 - Starting...
[09:44:31] [Server thread/INFO]: [com.ranull.graves.libraries.hikari.pool.HikariPool] Graves H2 - Added connection conn1: url=jdbc:h2:file:/workspaces/pu/plugins/GravesX/data/graves.data user=SA
[09:44:31] [Server thread/INFO]: [com.ranull.graves.libraries.hikari.HikariDataSource] Graves H2 - Start completed.
[09:44:31] [Server thread/WARN]: [GravesX] SQLite database file or folder does not exist in "plugins/GravesX/data". Skipping database migration.
[09:44:32] [Server thread/INFO]: [GravesX] Metrics has been enabled. All metrics will be sent to https://bstats.org/plugin/bukkit/Graves/12849 and https://bstats.org/plugin/bukkit/GravesX/23069.
[09:44:32] [Server thread/INFO]: [TabTPS] Enabling TabTPS v1.3.27
[09:44:34] [Server thread/INFO]: [spark] Starting background profiler...
[09:44:34] [Server thread/INFO]: [Geyser-Spigot] ******************************************
[09:44:34] [Server thread/INFO]: [Geyser-Spigot] 
[09:44:34] [Server thread/INFO]: [Geyser-Spigot] Loading Geyser version 2.7.2-b859 (git-master-489c4f2)
[09:44:34] [Server thread/INFO]: [Geyser-Spigot] 
[09:44:34] [Server thread/INFO]: [Geyser-Spigot] ******************************************
[09:44:42] [epollEventLoopGroup-3-1/INFO]: [Geyser-Spigot] Started Geyser on UDP port 25565
[09:44:42] [Server thread/INFO]: [Geyser-Spigot] Done (7.811s)! Run /geyser help for help!
[09:44:42] [Server thread/INFO]: Done preparing level "world" (21.405s)
[09:44:42] [Server thread/INFO]: Running delayed init tasks
[09:44:42] [Craft Scheduler Thread - 2 - ViaVersion/INFO]: [ViaVersion] Finished mapping loading, shutting down loader executor.
[09:44:42] [Server thread/WARN]: [GravesX] Warning: Outdated config detected (v18), current version is (v19). Moving old configs to outdated folder and generating new config files.
[09:44:42] [Craft Scheduler Thread - 0 - GravesX/INFO]: [GravesX] Loading grave maps...
[09:44:42] [Craft Scheduler Thread - 0 - GravesX/INFO]: [GravesX] Found 0 grave maps to load into cache.
[09:44:42] [Server thread/INFO]: [GravesX] Config updated: /workspaces/pu/plugins/GravesX/config/config.yml
[09:44:42] [Server thread/INFO]: [GravesX] Config updated: /workspaces/pu/plugins/GravesX/config/entity.yml
[09:44:43] [Server thread/INFO]: [GravesX] Config updated: /workspaces/pu/plugins/GravesX/config/grave.yml
[09:44:43] [Server thread/INFO]: [GravesX] Registering Crash Handler...
[09:44:43] [Server thread/INFO]: [GravesX] Registered Crash Handler. Server will handle crashes in a separate thread.
[09:44:43] [Server thread/INFO]: Done (43.207s)! For help, type "help"
[09:44:43] [Craft Scheduler Thread - 9 - GravesX/INFO]: [GravesX] Loading Holograms into Hologram Map Cache...
[09:44:43] [Craft Scheduler Thread - 9 - GravesX/INFO]: [GravesX] Loaded 0 Holograms into Hologram Map Cache.
[09:44:43] [Craft Scheduler Thread - 7 - GravesX/INFO]: [GravesX] Loading Block Map cache...
[09:44:43] [Craft Scheduler Thread - 7 - GravesX/INFO]: [GravesX] Loaded 0 Blocks into Block Map Cache.
[09:44:43] [Craft Scheduler Thread - 8 - GravesX/INFO]: [GravesX] Loading Entity Map Cache for itemframe...
[09:44:43] [Craft Scheduler Thread - 8 - GravesX/INFO]: [GravesX] Loaded 0 entities into Entity Map Cache for itemframe.
[09:44:43] [Craft Scheduler Thread - 11 - GravesX/INFO]: [GravesX] Loading Entity Map Cache for armorstand...
[09:44:43] [Craft Scheduler Thread - 11 - GravesX/INFO]: [GravesX] Loaded 0 entities into Entity Map Cache for armorstand.
[09:44:47] [Craft Scheduler Thread - 13 - HuskHomes/INFO]: [HuskHomes] Registered 'after_load' hooks
[09:46:30] [User Authenticator #0/INFO]: UUID of player PauseTube is 4575717d-47dd-30db-88d8-1109c52eab4d
[09:46:31] [Server thread/INFO]: PauseTube joined the game
[09:46:32] [Server thread/INFO]: PauseTube[/127.125.88.78:33607] logged in with entity id 74 at ([world]56.0413766096814, 67.0, 19.120980521946887)
[09:47:15] [Server thread/INFO]: PauseTube was slain by Zombie
[09:47:43] [Server thread/INFO]: PauseTube issued server command: /tabtps toggle bossbar
[09:48:18] [Server thread/INFO]: PauseTube was slain by Zombie
[09:49:39] [Server thread/INFO]: PauseTube was slain by Zombie
[09:50:16] [Server thread/INFO]: Stopping the server
[09:50:16] [Server thread/INFO]: Stopping server
[09:50:16] [Server thread/INFO]: [TabTPS] Disabling TabTPS v1.3.27
[09:50:16] [Server thread/INFO]: [GravesX] Disabling GravesX v4.9.7.3
[09:50:16] [Server thread/INFO]: [GravesX] Shutting Down GravesX...
[09:50:16] [Server thread/INFO]: [com.ranull.graves.libraries.hikari.HikariDataSource] Graves H2 - Shutdown initiated...
[09:50:16] [Server thread/INFO]: [com.ranull.graves.libraries.hikari.HikariDataSource] Graves H2 - Shutdown completed.
[09:50:16] [Server thread/INFO]: [GravesX] Unloading GraveManager...
[09:50:16] [Server thread/INFO]: [GravesX] Unloaded GraveManager Successfully.
[09:50:16] [Server thread/INFO]: [GravesX] Unloading IntegrationManager...
[09:50:16] [Server thread/INFO]: [GravesX] Unloaded IntegrationManager Successfully.
[09:50:16] [Server thread/INFO]: [GravesX] Unloading RecipeManager...
[09:50:16] [Server thread/INFO]: [GravesX] Unloaded RecipeManager Successfully.
[09:50:16] [Server thread/INFO]: [GravesX] Shutdown Completed :)
[09:50:16] [Server thread/INFO]: [HuskHomes] Disabling HuskHomes v4.9.6
[09:50:16] [Server thread/INFO]: [HuskHomes] Disabling HuskHomes v4.9.6...
[09:50:16] [Server thread/INFO]: [HuskHomes] Successfully disabled HuskHomes v4.9.6
[09:50:16] [Server thread/INFO]: [Geyser-Spigot] Disabling Geyser-Spigot v2.7.2-SNAPSHOT
[09:50:16] [Server thread/INFO]: [Geyser-Spigot] Shutting down Geyser.
[09:50:16] [Server thread/INFO]: [Geyser-Spigot] Geyser shutdown successfully.
[09:50:16] [Server thread/INFO]: [ViaVersion] Disabling ViaVersion v5.3.2
[09:50:16] [Server thread/INFO]: [ViaVersion] ViaVersion has been disabled; uninjected the platform and shut down the scheduler.
[09:50:16] [Server thread/INFO]: [floodgate] Disabling floodgate v2.2.4-SNAPSHOT (b116-0e3163c)
[09:50:16] [Server thread/INFO]: Saving players
[09:50:16] [Server thread/INFO]: PauseTube lost connection: Server closed
[09:50:16] [Server thread/INFO]: PauseTube left the game
[09:50:16] [Server thread/INFO]: Saving worlds
[09:50:16] [Server thread/INFO]: Saving chunks for level 'ServerLevel[world]'/minecraft:overworld
[09:50:16] [Server thread/INFO]: [ChunkHolderManager] Waiting 60s for chunk system to halt for world 'world'
[09:50:16] [Server thread/INFO]: [ChunkHolderManager] Halted chunk system for world 'world'
[09:50:16] [Server thread/INFO]: [ChunkHolderManager] Saving all chunkholders for world 'world'
[09:50:16] [WebSocketConnectReadThread-101/INFO]: [Geyser-Spigot] The skin uploader has been closed
[09:50:18] [Server thread/INFO]: [ChunkHolderManager] Saved 702 block chunks, 742 entity chunks, 0 poi chunks in world 'world' in 2.16s
[09:50:18] [Server thread/INFO]: [ChunkHolderManager] Waiting 60s for chunk I/O to halt for world 'world'
[09:50:18] [Server thread/INFO]: [ChunkHolderManager] Halted I/O scheduler for world 'world'
[09:50:18] [Server thread/INFO]: Saving chunks for level 'ServerLevel[world_nether]'/minecraft:the_nether
[09:50:18] [Server thread/INFO]: [ChunkHolderManager] Waiting 60s for chunk system to halt for world 'world_nether'
[09:50:18] [Server thread/INFO]: [ChunkHolderManager] Halted chunk system for world 'world_nether'
[09:50:18] [Server thread/INFO]: [ChunkHolderManager] Saving all chunkholders for world 'world_nether'
[09:50:18] [Server thread/INFO]: [ChunkHolderManager] Saved 0 block chunks, 6 entity chunks, 0 poi chunks in world 'world_nether' in 0.01s
[09:50:18] [Server thread/INFO]: [ChunkHolderManager] Waiting 60s for chunk I/O to halt for world 'world_nether'
[09:50:18] [Server thread/INFO]: [ChunkHolderManager] Halted I/O scheduler for world 'world_nether'
[09:50:18] [Server thread/INFO]: Saving chunks for level 'ServerLevel[world_the_end]'/minecraft:the_end
[09:50:18] [Server thread/INFO]: [ChunkHolderManager] Waiting 60s for chunk system to halt for world 'world_the_end'
[09:50:18] [Server thread/INFO]: [ChunkHolderManager] Halted chunk system for world 'world_the_end'
[09:50:18] [Server thread/INFO]: [ChunkHolderManager] Saving all chunkholders for world 'world_the_end'
[09:50:18] [Server thread/INFO]: [ChunkHolderManager] Saved 0 block chunks, 10 entity chunks, 0 poi chunks in world 'world_the_end' in 0.01s
[09:50:18] [Server thread/INFO]: [ChunkHolderManager] Waiting 60s for chunk I/O to halt for world 'world_the_end'
[09:50:18] [Server thread/INFO]: [ChunkHolderManager] Halted I/O scheduler for world 'world_the_end'
[09:50:18] [Server thread/INFO]: ThreadedAnvilChunkStorage (world): All chunks are saved
[09:50:18] [Server thread/INFO]: ThreadedAnvilChunkStorage (DIM-1): All chunks are saved
[09:50:18] [Server thread/INFO]: ThreadedAnvilChunkStorage (DIM1): All chunks are saved
[09:50:18] [Server thread/INFO]: ThreadedAnvilChunkStorage: All dimensions are saved
[09:50:18] [Server thread/INFO]: Waiting for I/O tasks to complete...
[09:50:18] [Server thread/INFO]: All I/O tasks to complete
[09:50:18] [Server thread/INFO]: [MoonriseCommon] Awaiting termination of worker pool for up to 60s...
[09:50:18] [Server thread/INFO]: [MoonriseCommon] Awaiting termination of I/O pool for up to 60s...
